0 info it worked if it ends with ok
1 verbose cli [ 'c:\\dev\\nodejs\\node.exe',
1 verbose cli   'c:\\dev\\nodejs\\node_modules\\npm\\bin\\npm-cli.js',
1 verbose cli   'install',
1 verbose cli   '-g',
1 verbose cli   'nwjs' ]
2 info using npm@2.5.1
3 info using node@v0.12.0
4 silly cache add args [ 'nwjs', null ]
5 verbose cache add spec nwjs
6 silly cache add parsed spec { raw: 'nwjs',
6 silly cache add   scope: null,
6 silly cache add   name: 'nwjs',
6 silly cache add   rawSpec: '',
6 silly cache add   spec: '*',
6 silly cache add   type: 'range' }
7 verbose addNamed nwjs@*
8 silly addNamed semver.valid null
9 silly addNamed semver.validRange *
10 silly addNameRange { name: 'nwjs', range: '*', hasData: false }
11 silly mapToRegistry name nwjs
12 silly mapToRegistry using default registry
13 silly mapToRegistry registry https://registry.npmjs.org/
14 silly mapToRegistry uri https://registry.npmjs.org/nwjs
15 verbose addNameRange registry:https://registry.npmjs.org/nwjs not in flight; fetching
16 verbose request uri https://registry.npmjs.org/nwjs
17 verbose request no auth needed
18 info attempt registry request try #1 at 5:50:05 PM
19 verbose request id 51911d92063612a3
20 http request GET https://registry.npmjs.org/nwjs
21 http 404 https://registry.npmjs.org/nwjs
22 verbose headers { date: 'Sat, 07 Feb 2015 23:50:08 GMT',
22 verbose headers   server: 'CouchDB/1.5.0 (Erlang OTP/R16B03)',
22 verbose headers   'content-type': 'application/json',
22 verbose headers   'cache-control': 'max-age=0',
22 verbose headers   'content-length': '52',
22 verbose headers   'accept-ranges': 'bytes',
22 verbose headers   via: '1.1 varnish',
22 verbose headers   age: '0',
22 verbose headers   'x-served-by': 'cache-ord1723-ORD',
22 verbose headers   'x-cache': 'MISS',
22 verbose headers   'x-cache-hits': '0',
22 verbose headers   'x-timer': 'S1423353008.348215,VS0,VE278',
22 verbose headers   'keep-alive': 'timeout=10, max=50',
22 verbose headers   connection: 'Keep-Alive' }
23 silly get cb [ 404,
23 silly get   { date: 'Sat, 07 Feb 2015 23:50:08 GMT',
23 silly get     server: 'CouchDB/1.5.0 (Erlang OTP/R16B03)',
23 silly get     'content-type': 'application/json',
23 silly get     'cache-control': 'max-age=0',
23 silly get     'content-length': '52',
23 silly get     'accept-ranges': 'bytes',
23 silly get     via: '1.1 varnish',
23 silly get     age: '0',
23 silly get     'x-served-by': 'cache-ord1723-ORD',
23 silly get     'x-cache': 'MISS',
23 silly get     'x-cache-hits': '0',
23 silly get     'x-timer': 'S1423353008.348215,VS0,VE278',
23 silly get     'keep-alive': 'timeout=10, max=50',
23 silly get     connection: 'Keep-Alive' } ]
24 verbose stack Error: 404 Not Found: nwjs
24 verbose stack     at CachingRegistryClient.<anonymous> (c:\dev\nodejs\node_modules\npm\node_modules\npm-registry-client\lib\request.js:251:14)
24 verbose stack     at Request._callback (c:\dev\nodejs\node_modules\npm\node_modules\npm-registry-client\lib\request.js:178:14)
24 verbose stack     at Request.self.callback (c:\dev\nodejs\node_modules\npm\node_modules\request\request.js:344:22)
24 verbose stack     at Request.emit (events.js:110:17)
24 verbose stack     at Request.<anonymous> (c:\dev\nodejs\node_modules\npm\node_modules\request\request.js:1239:14)
24 verbose stack     at Request.emit (events.js:129:20)
24 verbose stack     at IncomingMessage.<anonymous> (c:\dev\nodejs\node_modules\npm\node_modules\request\request.js:1187:12)
24 verbose stack     at IncomingMessage.emit (events.js:129:20)
24 verbose stack     at _stream_readable.js:908:16
24 verbose stack     at process._tickCallback (node.js:355:11)
25 verbose statusCode 404
26 verbose pkgid nwjs
27 verbose cwd C:\dev\git\PIPSQUEAK
28 error Windows_NT 6.3.9600
29 error argv "c:\\dev\\nodejs\\node.exe" "c:\\dev\\nodejs\\node_modules\\npm\\bin\\npm-cli.js" "install" "-g" "nwjs"
30 error node v0.12.0
31 error npm  v2.5.1
32 error code E404
33 error 404 Not Found: nwjs
33 error 404
33 error 404 'nwjs' is not in the npm registry.
33 error 404 You should bug the author to publish it (or use the name yourself!)
33 error 404
33 error 404 Note that you can also install from a
33 error 404 tarball, folder, http url, or git url.
34 verbose exit [ 1, true ]
